TN:
SF:./app/components/dashboard/alertsx/alerts.controller.js
FN:1,(anonymous_1)
FN:5,(anonymous_2)
FN:6,(anonymous_3)
FN:7,AlertsController
FN:73,logTick
FN:102,(anonymous_6)
FNF:6
FNH:4
FNDA:1,(anonymous_1)
FNDA:1,(anonymous_2)
FNDA:1,(anonymous_3)
FNDA:2,AlertsController
FNDA:0,logTick
FNDA:0,(anonymous_6)
DA:1,1
DA:3,1
DA:6,1
DA:7,1
DA:8,2
DA:12,2
DA:13,2
DA:18,2
DA:23,2
DA:28,2
DA:33,2
DA:38,2
DA:43,2
DA:48,2
DA:53,2
DA:58,2
DA:63,2
DA:68,2
DA:73,1
DA:74,0
DA:75,0
DA:76,0
DA:78,0
DA:79,0
DA:80,0
DA:81,0
DA:86,0
DA:87,0
DA:93,0
DA:99,0
DA:101,2
DA:102,2
DA:103,0
DA:106,1
LF:34
LH:22
BRDA:75,1,0,0
BRDA:75,1,1,0
BRDA:80,2,0,0
BRDA:80,2,1,0
BRDA:86,3,0,0
BRDA:86,3,1,0
BRF:6
BRH:0
end_of_record
TN:
SF:./app/components/side-menu/side-menu.controller.js
FN:1,(anonymous_1)
FN:5,(anonymous_2)
FN:6,(anonymous_3)
FN:7,SideMenuController
FN:8,(anonymous_5)
FN:13,(anonymous_6)
FNF:6
FNH:5
FNDA:1,(anonymous_1)
FNDA:1,(anonymous_2)
FNDA:1,(anonymous_3)
FNDA:2,SideMenuController
FNDA:0,(anonymous_5)
FNDA:2,(anonymous_6)
DA:1,1
DA:3,1
DA:6,1
DA:7,1
DA:8,2
DA:9,0
DA:11,2
DA:12,2
DA:13,2
DA:14,2
DA:15,2
DA:23,1
LF:12
LH:11
BRDA:14,1,0,2
BRDA:14,1,1,0
BRF:2
BRH:1
end_of_record
